============================= test session starts ==============================
platform linux -- Python 3.10.12, pytest-8.2.2, pluggy-1.5.0 -- /home/alex/Desktop/sample_service/venv/bin/python3
cachedir: .pytest_cache
rootdir: /home/alex/Desktop/sample_service/test
collecting ... collected 4 items

test_http.py::test_heartbeat PASSED                                      [ 25%]
test_http.py::test_currency_list PASSED                                  [ 50%]
test_http.py::test_correct_currency PASSED                               [ 75%]
test_http.py::test_incorrect_currency PASSED                             [100%]

============================== 4 passed in 0.11s ===============================
